<?xml version="1.0" encoding="UTF-8"?>
<!-- Generated by org.testng.reporters.JUnitXMLReporter -->
<testsuite ignored="0" hostname="DESKTOP-EPPDT07" failures="0" tests="3" name="Default test" time="12.703" errors="0" timestamp="2024-03-15T02:48:55 IST">
  <testcase classname="BlazeDemoApp" name="verifyHomePageTitle" time="4.449"/>
  <testcase classname="BlazeDemoApp" name="navigateToDestinationOfTheWeek" time="2.073"/>
  <testcase classname="BlazeDemoApp" name="purchaseTicket" time="3.162"/>
</testsuite> <!-- Default test -->
